<?xml version="1.0" encoding="UTF-8"?>
<testsuite xmlns:xsi="http://www.w3.org/2001/XMLSchema-instance" xsi:noNamespaceSchemaLocation="https://maven.apache.org/surefire/maven-surefire-plugin/xsd/surefire-test-report-3.0.xsd" version="3.0" name="TestSuite" time="10.015" tests="2" errors="0" skipped="0" failures="0">
  <properties>
    <property name="java.specification.version" value="24"/>
    <property name="webdriver.chrome.driver" value="C:\Users\hdmai\.cache\selenium\chromedriver\win64\140.0.7339.82\chromedriver.exe"/>
    <property name="sun.cpu.isalist" value="amd64"/>
    <property name="sun.jnu.encoding" value="Cp1252"/>
    <property name="java.class.path" value="C:\Users\hdmai\Documents\GitHub\selenium\target\test-classes;C:\Users\hdmai\Documents\GitHub\selenium\target\classes;C:\Users\hdmai\.m2\repository\org\seleniumhq\selenium\selenium-java\3.141.59\selenium-java-3.141.59.jar;C:\Users\hdmai\.m2\repository\org\seleniumhq\selenium\selenium-api\3.141.59\selenium-api-3.141.59.jar;C:\Users\hdmai\.m2\repository\org\seleniumhq\selenium\selenium-chrome-driver\3.141.59\selenium-chrome-driver-3.141.59.jar;C:\Users\hdmai\.m2\repository\org\seleniumhq\selenium\selenium-edge-driver\3.141.59\selenium-edge-driver-3.141.59.jar;C:\Users\hdmai\.m2\repository\org\seleniumhq\selenium\selenium-firefox-driver\3.141.59\selenium-firefox-driver-3.141.59.jar;C:\Users\hdmai\.m2\repository\org\seleniumhq\selenium\selenium-ie-driver\3.141.59\selenium-ie-driver-3.141.59.jar;C:\Users\hdmai\.m2\repository\org\seleniumhq\selenium\selenium-opera-driver\3.141.59\selenium-opera-driver-3.141.59.jar;C:\Users\hdmai\.m2\repository\org\seleniumhq\selenium\selenium-remote-driver\3.141.59\selenium-remote-driver-3.141.59.jar;C:\Users\hdmai\.m2\repository\org\seleniumhq\selenium\selenium-safari-driver\3.141.59\selenium-safari-driver-3.141.59.jar;C:\Users\hdmai\.m2\repository\org\seleniumhq\selenium\selenium-support\3.141.59\selenium-support-3.141.59.jar;C:\Users\hdmai\.m2\repository\net\bytebuddy\byte-buddy\1.8.15\byte-buddy-1.8.15.jar;C:\Users\hdmai\.m2\repository\org\apache\commons\commons-exec\1.3\commons-exec-1.3.jar;C:\Users\hdmai\.m2\repository\com\google\guava\guava\25.0-jre\guava-25.0-jre.jar;C:\Users\hdmai\.m2\repository\com\google\code\findbugs\jsr305\1.3.9\jsr305-1.3.9.jar;C:\Users\hdmai\.m2\repository\org\checkerframework\checker-compat-qual\2.0.0\checker-compat-qual-2.0.0.jar;C:\Users\hdmai\.m2\repository\com\google\errorprone\error_prone_annotations\2.1.3\error_prone_annotations-2.1.3.jar;C:\Users\hdmai\.m2\repository\com\google\j2objc\j2objc-annotations\1.1\j2objc-annotations-1.1.jar;C:\Users\hdmai\.m2\repository\org\codehaus\mojo\animal-sniffer-annotations\1.14\animal-sniffer-annotations-1.14.jar;C:\Users\hdmai\.m2\repository\com\squareup\okhttp3\okhttp\3.11.0\okhttp-3.11.0.jar;C:\Users\hdmai\.m2\repository\com\squareup\okio\okio\1.14.0\okio-1.14.0.jar;C:\Users\hdmai\.m2\repository\io\github\bonigarcia\webdrivermanager\4.4.3\webdrivermanager-4.4.3.jar;C:\Users\hdmai\.m2\repository\org\slf4j\slf4j-api\1.7.30\slf4j-api-1.7.30.jar;C:\Users\hdmai\.m2\repository\com\google\code\gson\gson\2.8.6\gson-2.8.6.jar;C:\Users\hdmai\.m2\repository\org\apache\commons\commons-lang3\3.12.0\commons-lang3-3.12.0.jar;C:\Users\hdmai\.m2\repository\org\apache\httpcomponents\client5\httpclient5\5.0.3\httpclient5-5.0.3.jar;C:\Users\hdmai\.m2\repository\org\apache\httpcomponents\core5\httpcore5\5.0.2\httpcore5-5.0.2.jar;C:\Users\hdmai\.m2\repository\org\apache\httpcomponents\core5\httpcore5-h2\5.0.2\httpcore5-h2-5.0.2.jar;C:\Users\hdmai\.m2\repository\commons-codec\commons-codec\1.13\commons-codec-1.13.jar;C:\Users\hdmai\.m2\repository\org\rauschig\jarchivelib\1.1.0\jarchivelib-1.1.0.jar;C:\Users\hdmai\.m2\repository\org\apache\commons\commons-compress\1.20\commons-compress-1.20.jar;C:\Users\hdmai\.m2\repository\org\jsoup\jsoup\1.13.1\jsoup-1.13.1.jar;C:\Users\hdmai\.m2\repository\org\testng\testng\7.4.0\testng-7.4.0.jar;C:\Users\hdmai\.m2\repository\com\beust\jcommander\1.78\jcommander-1.78.jar;C:\Users\hdmai\.m2\repository\org\webjars\jquery\3.5.1\jquery-3.5.1.jar;C:\Users\hdmai\.m2\repository\com\fasterxml\jackson\core\jackson-core\2.12.7\jackson-core-2.12.7.jar;C:\Users\hdmai\.m2\repository\com\fasterxml\jackson\core\jackson-databind\2.12.7.1\jackson-databind-2.12.7.1.jar;C:\Users\hdmai\.m2\repository\com\fasterxml\jackson\core\jackson-annotations\2.12.7\jackson-annotations-2.12.7.jar;C:\Users\hdmai\.m2\repository\com\googlecode\json-simple\json-simple\1.1.1\json-simple-1.1.1.jar;C:\Users\hdmai\.m2\repository\junit\junit\4.10\junit-4.10.jar;C:\Users\hdmai\.m2\repository\org\hamcrest\hamcrest-core\1.1\hamcrest-core-1.1.jar;C:\Users\hdmai\.m2\repository\ch\qos\logback\logback-classic\1.2.12\logback-classic-1.2.12.jar;C:\Users\hdmai\.m2\repository\ch\qos\logback\logback-core\1.2.12\logback-core-1.2.12.jar;C:\Users\hdmai\.m2\repository\commons-io\commons-io\2.15.1\commons-io-2.15.1.jar;C:\Users\hdmai\.m2\repository\org\uncommons\reportng\1.1.4\reportng-1.1.4.jar;C:\Users\hdmai\.m2\repository\velocity\velocity\1.4\velocity-1.4.jar;C:\Users\hdmai\.m2\repository\velocity\velocity-dep\1.4\velocity-dep-1.4.jar;C:\Users\hdmai\.m2\repository\org\apache\velocity\velocity\1.7\velocity-1.7.jar;C:\Users\hdmai\.m2\repository\commons-collections\commons-collections\3.2.1\commons-collections-3.2.1.jar;C:\Users\hdmai\.m2\repository\commons-lang\commons-lang\2.4\commons-lang-2.4.jar;C:\Users\hdmai\.m2\repository\com\google\inject\guice\4.2.3\guice-4.2.3.jar;C:\Users\hdmai\.m2\repository\javax\inject\javax.inject\1\javax.inject-1.jar;C:\Users\hdmai\.m2\repository\aopalliance\aopalliance\1.0\aopalliance-1.0.jar;"/>
    <property name="org.uncommons.reportng.escape-output" value="false"/>
    <property name="java.vm.vendor" value="Oracle Corporation"/>
    <property name="sun.arch.data.model" value="64"/>
    <property name="user.variant" value=""/>
    <property name="org.uncommons.reportng.title" value="Selenium Test Report"/>
    <property name="java.vendor.url" value="https://java.oracle.com/"/>
    <property name="user.timezone" value="Europe/Warsaw"/>
    <property name="os.name" value="Windows 11"/>
    <property name="java.vm.specification.version" value="24"/>
    <property name="sun.java.launcher" value="SUN_STANDARD"/>
    <property name="user.country" value="US"/>
    <property name="sun.boot.library.path" value="C:\Program Files\Java\jdk-24\bin"/>
    <property name="sun.java.command" value="C:\Users\hdmai\AppData\Local\Temp\surefire14500211127152655644\surefirebooter17599450896575202617.jar C:\Users\hdmai\AppData\Local\Temp\surefire14500211127152655644 2025-09-13T00-34-19_111-jvmRun1 surefire16436563518250115524tmp surefire_013735535453267039970tmp"/>
    <property name="jdk.debug" value="release"/>
    <property name="surefire.test.class.path" value="C:\Users\hdmai\Documents\GitHub\selenium\target\test-classes;C:\Users\hdmai\Documents\GitHub\selenium\target\classes;C:\Users\hdmai\.m2\repository\org\seleniumhq\selenium\selenium-java\3.141.59\selenium-java-3.141.59.jar;C:\Users\hdmai\.m2\repository\org\seleniumhq\selenium\selenium-api\3.141.59\selenium-api-3.141.59.jar;C:\Users\hdmai\.m2\repository\org\seleniumhq\selenium\selenium-chrome-driver\3.141.59\selenium-chrome-driver-3.141.59.jar;C:\Users\hdmai\.m2\repository\org\seleniumhq\selenium\selenium-edge-driver\3.141.59\selenium-edge-driver-3.141.59.jar;C:\Users\hdmai\.m2\repository\org\seleniumhq\selenium\selenium-firefox-driver\3.141.59\selenium-firefox-driver-3.141.59.jar;C:\Users\hdmai\.m2\repository\org\seleniumhq\selenium\selenium-ie-driver\3.141.59\selenium-ie-driver-3.141.59.jar;C:\Users\hdmai\.m2\repository\org\seleniumhq\selenium\selenium-opera-driver\3.141.59\selenium-opera-driver-3.141.59.jar;C:\Users\hdmai\.m2\repository\org\seleniumhq\selenium\selenium-remote-driver\3.141.59\selenium-remote-driver-3.141.59.jar;C:\Users\hdmai\.m2\repository\org\seleniumhq\selenium\selenium-safari-driver\3.141.59\selenium-safari-driver-3.141.59.jar;C:\Users\hdmai\.m2\repository\org\seleniumhq\selenium\selenium-support\3.141.59\selenium-support-3.141.59.jar;C:\Users\hdmai\.m2\repository\net\bytebuddy\byte-buddy\1.8.15\byte-buddy-1.8.15.jar;C:\Users\hdmai\.m2\repository\org\apache\commons\commons-exec\1.3\commons-exec-1.3.jar;C:\Users\hdmai\.m2\repository\com\google\guava\guava\25.0-jre\guava-25.0-jre.jar;C:\Users\hdmai\.m2\repository\com\google\code\findbugs\jsr305\1.3.9\jsr305-1.3.9.jar;C:\Users\hdmai\.m2\repository\org\checkerframework\checker-compat-qual\2.0.0\checker-compat-qual-2.0.0.jar;C:\Users\hdmai\.m2\repository\com\google\errorprone\error_prone_annotations\2.1.3\error_prone_annotations-2.1.3.jar;C:\Users\hdmai\.m2\repository\com\google\j2objc\j2objc-annotations\1.1\j2objc-annotations-1.1.jar;C:\Users\hdmai\.m2\repository\org\codehaus\mojo\animal-sniffer-annotations\1.14\animal-sniffer-annotations-1.14.jar;C:\Users\hdmai\.m2\repository\com\squareup\okhttp3\okhttp\3.11.0\okhttp-3.11.0.jar;C:\Users\hdmai\.m2\repository\com\squareup\okio\okio\1.14.0\okio-1.14.0.jar;C:\Users\hdmai\.m2\repository\io\github\bonigarcia\webdrivermanager\4.4.3\webdrivermanager-4.4.3.jar;C:\Users\hdmai\.m2\repository\org\slf4j\slf4j-api\1.7.30\slf4j-api-1.7.30.jar;C:\Users\hdmai\.m2\repository\com\google\code\gson\gson\2.8.6\gson-2.8.6.jar;C:\Users\hdmai\.m2\repository\org\apache\commons\commons-lang3\3.12.0\commons-lang3-3.12.0.jar;C:\Users\hdmai\.m2\repository\org\apache\httpcomponents\client5\httpclient5\5.0.3\httpclient5-5.0.3.jar;C:\Users\hdmai\.m2\repository\org\apache\httpcomponents\core5\httpcore5\5.0.2\httpcore5-5.0.2.jar;C:\Users\hdmai\.m2\repository\org\apache\httpcomponents\core5\httpcore5-h2\5.0.2\httpcore5-h2-5.0.2.jar;C:\Users\hdmai\.m2\repository\commons-codec\commons-codec\1.13\commons-codec-1.13.jar;C:\Users\hdmai\.m2\repository\org\rauschig\jarchivelib\1.1.0\jarchivelib-1.1.0.jar;C:\Users\hdmai\.m2\repository\org\apache\commons\commons-compress\1.20\commons-compress-1.20.jar;C:\Users\hdmai\.m2\repository\org\jsoup\jsoup\1.13.1\jsoup-1.13.1.jar;C:\Users\hdmai\.m2\repository\org\testng\testng\7.4.0\testng-7.4.0.jar;C:\Users\hdmai\.m2\repository\com\beust\jcommander\1.78\jcommander-1.78.jar;C:\Users\hdmai\.m2\repository\org\webjars\jquery\3.5.1\jquery-3.5.1.jar;C:\Users\hdmai\.m2\repository\com\fasterxml\jackson\core\jackson-core\2.12.7\jackson-core-2.12.7.jar;C:\Users\hdmai\.m2\repository\com\fasterxml\jackson\core\jackson-databind\2.12.7.1\jackson-databind-2.12.7.1.jar;C:\Users\hdmai\.m2\repository\com\fasterxml\jackson\core\jackson-annotations\2.12.7\jackson-annotations-2.12.7.jar;C:\Users\hdmai\.m2\repository\com\googlecode\json-simple\json-simple\1.1.1\json-simple-1.1.1.jar;C:\Users\hdmai\.m2\repository\junit\junit\4.10\junit-4.10.jar;C:\Users\hdmai\.m2\repository\org\hamcrest\hamcrest-core\1.1\hamcrest-core-1.1.jar;C:\Users\hdmai\.m2\repository\ch\qos\logback\logback-classic\1.2.12\logback-classic-1.2.12.jar;C:\Users\hdmai\.m2\repository\ch\qos\logback\logback-core\1.2.12\logback-core-1.2.12.jar;C:\Users\hdmai\.m2\repository\commons-io\commons-io\2.15.1\commons-io-2.15.1.jar;C:\Users\hdmai\.m2\repository\org\uncommons\reportng\1.1.4\reportng-1.1.4.jar;C:\Users\hdmai\.m2\repository\velocity\velocity\1.4\velocity-1.4.jar;C:\Users\hdmai\.m2\repository\velocity\velocity-dep\1.4\velocity-dep-1.4.jar;C:\Users\hdmai\.m2\repository\org\apache\velocity\velocity\1.7\velocity-1.7.jar;C:\Users\hdmai\.m2\repository\commons-collections\commons-collections\3.2.1\commons-collections-3.2.1.jar;C:\Users\hdmai\.m2\repository\commons-lang\commons-lang\2.4\commons-lang-2.4.jar;C:\Users\hdmai\.m2\repository\com\google\inject\guice\4.2.3\guice-4.2.3.jar;C:\Users\hdmai\.m2\repository\javax\inject\javax.inject\1\javax.inject-1.jar;C:\Users\hdmai\.m2\repository\aopalliance\aopalliance\1.0\aopalliance-1.0.jar;"/>
    <property name="sun.cpu.endian" value="little"/>
    <property name="user.home" value="C:\Users\hdmai"/>
    <property name="user.language" value="en"/>
    <property name="java.specification.vendor" value="Oracle Corporation"/>
    <property name="java.version.date" value="2025-04-15"/>
    <property name="java.home" value="C:\Program Files\Java\jdk-24"/>
    <property name="file.separator" value="\"/>
    <property name="basedir" value="C:\Users\hdmai\Documents\GitHub\selenium"/>
    <property name="java.vm.compressedOopsMode" value="Zero based"/>
    <property name="line.separator" value="&#10;"/>
    <property name="java.vm.specification.vendor" value="Oracle Corporation"/>
    <property name="java.specification.name" value="Java Platform API Specification"/>
    <property name="org.uncommons.reportng.logOutputReport" value="true"/>
    <property name="org.uncommons.reportng.show-expected-exceptions" value="true"/>
    <property name="surefire.real.class.path" value="C:\Users\hdmai\AppData\Local\Temp\surefire14500211127152655644\surefirebooter17599450896575202617.jar"/>
    <property name="user.script" value=""/>
    <property name="sun.management.compiler" value="HotSpot 64-Bit Tiered Compilers"/>
    <property name="java.runtime.version" value="24.0.1+9-30"/>
    <property name="user.name" value="hdmai"/>
    <property name="stdout.encoding" value="Cp1252"/>
    <property name="path.separator" value=";"/>
    <property name="os.version" value="10.0"/>
    <property name="java.runtime.name" value="Java(TM) SE Runtime Environment"/>
    <property name="file.encoding" value="UTF-8"/>
    <property name="browser" value="chrome"/>
    <property name="java.vm.name" value="Java HotSpot(TM) 64-Bit Server VM"/>
    <property name="localRepository" value="C:\Users\hdmai\.m2\repository"/>
    <property name="java.vendor.url.bug" value="https://bugreport.java.com/bugreport/"/>
    <property name="java.io.tmpdir" value="C:\Users\hdmai\AppData\Local\Temp\"/>
    <property name="java.version" value="24.0.1"/>
    <property name="user.dir" value="C:\Users\hdmai\Documents\GitHub\selenium\target"/>
    <property name="os.arch" value="amd64"/>
    <property name="java.vm.specification.name" value="Java Virtual Machine Specification"/>
    <property name="env" value="qa"/>
    <property name="sun.os.patch.level" value=""/>
    <property name="headless" value="true"/>
    <property name="native.encoding" value="Cp1252"/>
    <property name="java.library.path" value="C:\Program Files\Java\jdk-24\bin;C:\WINDOWS\Sun\Java\bin;C:\WINDOWS\system32;C:\WINDOWS;C:\Program Files\Eclipse Adoptium\jdk-21.0.7.6-hotspot\bin;C:\Program Files\Common Files\Oracle\Java\javapath;C:\Windows\system32;C:\Windows;C:\Windows\System32\Wbem;C:\Windows\System32\WindowsPowerShell\v1.0\;C:\Windows\System32\OpenSSH\;C:\WINDOWS\system32;C:\WINDOWS;C:\WINDOWS\System32\Wbem;C:\WINDOWS\System32\WindowsPowerShell\v1.0\;C:\WINDOWS\System32\OpenSSH\;C:\Program Files\NVIDIA Corporation\NVIDIA app\NvDLISR;C:\Program Files\WireGuard\;C:\Program Files (x86)\NVIDIA Corporation\PhysX\Common;C:\Program Files\Git\cmd;C:\Program Files\nodejs\;C:\Windows.old\Users\hdmai\AppData\Roaming\Python\Python312\Scripts;;C:\Program Files\Docker\Docker\resources\bin;C:\Users\hdmai\AppData\Local\Microsoft\WindowsApps;C:\Users\hdmai\AppData\Local\Programs\Microsoft VS Code\bin;C:\Users\hdmai\AppData\Local\GitHubDesktop\bin;C:\Users\hdmai\AppData\Roaming\npm;C:\apache\apache-maven-3.9.10\bin;;c:\Users\hdmai\AppData\Roaming\Code\User\globalStorage\github.copilot-chat\debugCommand;."/>
    <property name="java.vm.info" value="mixed mode, sharing"/>
    <property name="stderr.encoding" value="Cp1252"/>
    <property name="java.vendor" value="Oracle Corporation"/>
    <property name="java.vm.version" value="24.0.1+9-30"/>
    <property name="sun.io.unicode.encoding" value="UnicodeLittle"/>
    <property name="java.class.version" value="68.0"/>
  </properties>
  <testcase name="testABTestPage" classname="sampleTest.testFiles.WebTests" time="1.587">
    <system-out><![CDATA[[TestNG] [WARN] Ignoring duplicate listener : org.uncommons.reportng.HTMLReporter
[TestNG] [WARN] Ignoring duplicate listener : org.uncommons.reportng.JUnitXMLReporter
00:34:20.016 [main] INFO  sampleTest.testFiles.BaseTest - Test suite started
00:34:20.030 [main] INFO  sampleTest.testFiles.BaseTest - Setting up test with browser: chrome in environment: qa
00:34:22.508 [main] INFO  sampleTest.testFiles.BaseTest - Page objects initialized for test execution
========== TEST START: A/B Test Page Verification ========== <br><br>
Step 1: Test Configuration<br>
• Base URL: https://the-internet.herokuapp.com<br><br>
Step 2: Test Data<br>
• Expected headings: A/B Test Variation 1 or A/B Test Control<br>
• Expected paragraph content is prepared<br><br>
Step 3: Navigation<br>
• Navigating to A/B Test page<br><br>
Step 4: Element Verification<br>
• Checking for 'example' element presence<br>
• Result: Example element found successfully<br><br>
Step 5: Content Validation<br>
• Getting text content from example element<br>
• Actual text content:<br>A/B Test Control
Also known as split testing. This is a way in which businesses are able to simultaneously test and learn different versions of a page to see which text and/or functionality works best towards a desired outcome (e.g. a user action such as a click-through).<br><br>
Step 6: Heading Verification<br>
• Checking for heading: A/B Test Variation 1<br>
• Checking for heading: A/B Test Control<br>
• Found matching heading: A/B Test Control<br><br>
<br>========== TEST COMPLETED SUCCESSFULLY ==========<br>
]]></system-out>
    <system-err><![CDATA[Starting ChromeDriver 140.0.7339.82 (bc93617e21c39ed4afa6ce1c08554e5aa76d132d-refs/branch-heads/7339_41@{#5}) on port 26482
Only local connections are allowed.
Please see https://chromedriver.chromium.org/security-considerations for suggestions on keeping ChromeDriver safe.
ChromeDriver was started successfully on port 26482.
Sep 13, 2025 12:34:22 AM org.openqa.selenium.remote.ProtocolHandshake createSession
INFO: Detected dialect: W3C
]]></system-err>
  </testcase>
  <testcase name="testCheckboxesPage" classname="sampleTest.testFiles.WebTests" time="1.728">
    <system-out><![CDATA[00:34:25.596 [main] INFO  sampleTest.testFiles.BaseTest - Setting up test with browser: chrome in environment: qa
00:34:26.300 [main] INFO  sampleTest.testFiles.BaseTest - Page objects initialized for test execution
========== TEST START: Checkboxes Page Verification ==========<br><br>
Step 1: Test Configuration<br>
• Base URL: https://the-internet.herokuapp.com<br><br>
Step 2: Test Data<br>
• Expected checkbox labels: checkbox 1, checkbox 2<br><br>
Step 3: Navigation<br>
• Navigating to Checkboxes page<br><br>
Step 4: Checkbox Elements Verification<br>
• Verifying checkbox 1<br>
  - Label verified: checkbox 1<br>
• Verifying checkbox 2<br>
  - Label verified: checkbox 2<br>
<br>
Step 5: Default State Verification<br>
• Checking checkbox 2 default state<br>
• Checkbox 2 is selected by default as expected<br>
• Checking checkbox 1 default state<br>
• Checkbox 1 is unselected by default as expected<br><br>
Step 6: Checkbox Interaction<br>
• Selecting checkbox 1<br>
• Checkbox 1 successfully selected<br><br>
========== TEST COMPLETED SUCCESSFULLY ==========<br>
]]></system-out>
    <system-err><![CDATA[Starting ChromeDriver 140.0.7339.82 (bc93617e21c39ed4afa6ce1c08554e5aa76d132d-refs/branch-heads/7339_41@{#5}) on port 36532
Only local connections are allowed.
Please see https://chromedriver.chromium.org/security-considerations for suggestions on keeping ChromeDriver safe.
ChromeDriver was started successfully on port 36532.
Sep 13, 2025 12:34:26 AM org.openqa.selenium.remote.ProtocolHandshake createSession
INFO: Detected dialect: W3C
]]></system-err>
  </testcase>
</testsuite>