<?xml version="1.0" encoding="UTF-8"?>
<!-- Generated by org.testng.reporters.JUnitReportReporter -->
<testsuite hostname="Magento" failures="0" tests="1" name="sampleTest.testFiles.WebTests" time="4.456" errors="0" timestamp="2025-09-12T22:07:21 CEST" skipped="0">
  <testcase classname="sampleTest.testFiles.WebTests" name="testABTestPage" time="4.456"/>
</testsuite> <!-- sampleTest.testFiles.WebTests -->
